0 info it worked if it ends with ok
1 verbose cli [ '/Users/dennis/.nvm/versions/node/v6.9.2/bin/node',
1 verbose cli   '/Users/dennis/.nvm/versions/node/v6.9.2/bin/npm',
1 verbose cli   'run',
1 verbose cli   'clean' ]
2 info using npm@3.10.9
3 info using node@v6.9.2
4 verbose run-script [ 'preclean', 'clean', 'postclean' ]
5 info lifecycle @searchspring/snap@~preclean: @searchspring/snap@
6 silly lifecycle @searchspring/snap@~preclean: no script for preclean, continuing
7 info lifecycle @searchspring/snap@~clean: @searchspring/snap@
8 verbose lifecycle @searchspring/snap@~clean: unsafe-perm in lifecycle true
9 verbose lifecycle @searchspring/snap@~clean: PATH: /Users/dennis/.nvm/versions/node/v6.9.2/lib/node_modules/npm/bin/node-gyp-bin:/Users/dennis/dev/snap/node_modules/.bin:/Users/dennis/google-cloud-sdk/bin:/Users/dennis/.nvm/versions/node/v6.9.2/bin:/Users/dennis/.npm-global/bin:/Library/Frameworks/Python.framework/Versions/3.10/bin:/Library/Frameworks/Python.framework/Versions/3.6/bin:/usr/local/bin:/usr/bin:/bin:/usr/sbin:/sbin:/usr/local/go/bin:/Library/Apple/usr/bin:/Users/dennis/.fig/bin
10 verbose lifecycle @searchspring/snap@~clean: CWD: /Users/dennis/dev/snap
11 silly lifecycle @searchspring/snap@~clean: Args: [ '-c',
11 silly lifecycle   'lerna clean -y && rm -rf ./node_modules package-lock.json' ]
12 silly lifecycle @searchspring/snap@~clean: Returned: code: 1  signal: null
13 info lifecycle @searchspring/snap@~clean: Failed to exec clean script
14 verbose stack Error: @searchspring/snap@ clean: `lerna clean -y && rm -rf ./node_modules package-lock.json`
14 verbose stack Exit status 1
14 verbose stack     at EventEmitter.<anonymous> (/Users/dennis/.nvm/versions/node/v6.9.2/lib/node_modules/npm/lib/utils/lifecycle.js:255:16)
14 verbose stack     at emitTwo (events.js:106:13)
14 verbose stack     at EventEmitter.emit (events.js:191:7)
14 verbose stack     at ChildProcess.<anonymous> (/Users/dennis/.nvm/versions/node/v6.9.2/lib/node_modules/npm/lib/utils/spawn.js:40:14)
14 verbose stack     at emitTwo (events.js:106:13)
14 verbose stack     at ChildProcess.emit (events.js:191:7)
14 verbose stack     at maybeClose (internal/child_process.js:877:16)
14 verbose stack     at Process.ChildProcess._handle.onexit (internal/child_process.js:226:5)
15 verbose pkgid @searchspring/snap@
16 verbose cwd /Users/dennis/dev/snap
17 error Darwin 20.6.0
18 error argv "/Users/dennis/.nvm/versions/node/v6.9.2/bin/node" "/Users/dennis/.nvm/versions/node/v6.9.2/bin/npm" "run" "clean"
19 error node v6.9.2
20 error npm  v3.10.9
21 error code ELIFECYCLE
22 error @searchspring/snap@ clean: `lerna clean -y && rm -rf ./node_modules package-lock.json`
22 error Exit status 1
23 error Failed at the @searchspring/snap@ clean script 'lerna clean -y && rm -rf ./node_modules package-lock.json'.
23 error Make sure you have the latest version of node.js and npm installed.
23 error If you do, this is most likely a problem with the @searchspring/snap package,
23 error not with npm itself.
23 error Tell the author that this fails on your system:
23 error     lerna clean -y && rm -rf ./node_modules package-lock.json
23 error You can get information on how to open an issue for this project with:
23 error     npm bugs @searchspring/snap
23 error Or if that isn't available, you can get their info via:
23 error     npm owner ls @searchspring/snap
23 error There is likely additional logging output above.
24 verbose exit [ 1, true ]
